<?xml version="1.0" encoding="UTF-8"?>
<!-- Generated by org.testng.reporters.JUnitReportReporter -->
<testsuite hostname="DESKTOP-NIEJRCN" failures="0" tests="4" name="com.TestNG.TestNG_Grouping" time="0.022" errors="0" timestamp="2022-12-12T20:57:10 IST" skipped="0">
  <testcase classname="com.TestNG.TestNG_Grouping" name="ram" time="0.004"/>
  <system-out/>
  <testcase classname="com.TestNG.TestNG_Grouping" name="mouse" time="0.002"/>
  <system-out/>
  <testcase classname="com.TestNG.TestNG_Grouping" name="hdd" time="0.013"/>
  <system-out/>
  <testcase classname="com.TestNG.TestNG_Grouping" name="laptop" time="0.003"/>
  <system-out/>
</testsuite> <!-- com.TestNG.TestNG_Grouping -->
