<?xml version="1.0" encoding="UTF-8"?>
<!-- Generated by org.testng.reporters.JUnitReportReporter -->
<testsuite hostname="DESKTOP-NIEJRCN" failures="0" tests="1" name="com.RestAssured.Get" time="3.678" errors="0" timestamp="2022-11-28T23:09:29 IST" skipped="0">
  <testcase classname="com.RestAssured.Get" name="getalluser" time="3.678"/>
  <system-out/>
</testsuite> <!-- com.RestAssured.Get -->
