<?xml version="1.0" encoding="UTF-8"?>
<!-- Generated by org.testng.reporters.JUnitReportReporter -->
<testsuite hostname="DESKTOP-NIEJRCN" failures="0" tests="1" name="com.TestNG.TestNG_Expected_Exception" time="0.015" errors="0" timestamp="2022-12-13T23:39:21 IST" skipped="0">
  <testcase classname="com.TestNG.TestNG_Expected_Exception" name="exception" time="0.015"/>
  <system-out/>
</testsuite> <!-- com.TestNG.TestNG_Expected_Exception -->
