<?xml version="1.0" encoding="UTF-8"?>
<!-- Generated by org.testng.reporters.JUnitReportReporter -->
<testsuite hostname="DESKTOP-NIEJRCN" failures="0" tests="4" name="com.TestNG.TestNG_DataProvider" time="0.023" errors="0" timestamp="2022-12-13T22:53:45 IST" skipped="0">
  <testcase classname="com.TestNG.TestNG_DataProvider" name="itemreceipt" time="0.011"/>
  <system-out/>
  <testcase classname="com.TestNG.TestNG_DataProvider" name="itemreceipt" time="0.009"/>
  <system-out/>
  <testcase classname="com.TestNG.TestNG_DataProvider" name="itemreceipt" time="0.002"/>
  <system-out/>
  <testcase classname="com.TestNG.TestNG_DataProvider" name="itemreceipt" time="0.001"/>
  <system-out/>
</testsuite> <!-- com.TestNG.TestNG_DataProvider -->
