<?xml version="1.0" encoding="UTF-8"?>
<!-- Generated by org.testng.reporters.JUnitReportReporter -->
<testsuite hostname="DESKTOP-NIEJRCN" failures="0" tests="1" name="com.RestAssured.Post" time="3.704" errors="0" timestamp="2022-11-28T22:54:45 IST" skipped="0">
  <testcase classname="com.RestAssured.Post" name="createuser" time="3.704"/>
  <system-out/>
</testsuite> <!-- com.RestAssured.Post -->
