<?xml version="1.0" encoding="UTF-8"?>
<!-- Generated by org.testng.reporters.JUnitReportReporter -->
<testsuite hostname="DESKTOP-NIEJRCN" failures="0" tests="1" name="com.RestAssured.Delete" time="3.722" errors="0" timestamp="2022-11-28T23:04:27 IST" skipped="0">
  <testcase classname="com.RestAssured.Delete" name="deleteuser" time="3.722"/>
  <system-out/>
</testsuite> <!-- com.RestAssured.Delete -->
