<?xml version="1.0" encoding="UTF-8"?>
<!-- Generated by org.testng.reporters.JUnitReportReporter -->
<testsuite hostname="DESKTOP-NIEJRCN" failures="0" tests="1" name="com.TestNG.TestNG_Parameterized_Concept" time="0.016" errors="0" timestamp="2022-12-13T22:38:33 IST" skipped="0">
  <testcase classname="com.TestNG.TestNG_Parameterized_Concept" name="item_receipt" time="0.016"/>
  <system-out/>
</testsuite> <!-- com.TestNG.TestNG_Parameterized_Concept -->
