<?xml version="1.0" encoding="UTF-8"?>
<!-- Generated by org.testng.reporters.JUnitReportReporter -->
<testsuite hostname="DESKTOP-NIEJRCN" failures="0" tests="1" name="com.TestNG.TestNG_Soft_Assert" time="0.017" errors="0" timestamp="2022-12-14T00:01:13 IST" skipped="0">
  <testcase classname="com.TestNG.TestNG_Soft_Assert" name="item_receipt" time="0.017"/>
  <system-out/>
</testsuite> <!-- com.TestNG.TestNG_Soft_Assert -->
