<?xml version="1.0" encoding="UTF-8"?>
<!-- Generated by org.testng.reporters.JUnitReportReporter -->
<testsuite hostname="DESKTOP-NIEJRCN" failures="0" tests="1" name="com.RestAssured.Put" time="3.699" errors="0" timestamp="2022-11-28T23:01:08 IST" skipped="0">
  <testcase classname="com.RestAssured.Put" name="updateuser" time="3.699"/>
  <system-out/>
</testsuite> <!-- com.RestAssured.Put -->
