<?xml version="1.0" encoding="UTF-8"?>
<!-- Generated by org.testng.reporters.JUnitReportReporter -->
<testsuite hostname="DESKTOP-NIEJRCN" failures="0" tests="3" name="com.TestNG.TestNG_Featuress" time="0.016" errors="0" timestamp="2022-12-12T20:43:58 IST" skipped="1">
  <testcase classname="com.TestNG.TestNG_Featuress" name="keyboard" time="0.014"/>
  <system-out/>
  <testcase classname="com.TestNG.TestNG_Featuress" name="lap" time="0.002"/>
  <system-out/>
  <testcase classname="com.TestNG.TestNG_Featuress" name="headphone">
    <skipped/>
  </testcase> <!-- headphone -->
  <system-out/>
</testsuite> <!-- com.TestNG.TestNG_Featuress -->
