<?xml version="1.0" encoding="UTF-8"?>
<!-- Generated by org.testng.reporters.JUnitReportReporter -->
<testsuite hostname="DESKTOP-NIEJRCN" failures="0" tests="3" name="com.TestNG.TestNG_Dependency" time="0.019" errors="0" timestamp="2022-12-12T20:19:18 IST" skipped="0">
  <testcase classname="com.TestNG.TestNG_Dependency" name="report" time="0.003"/>
  <system-out/>
  <testcase classname="com.TestNG.TestNG_Dependency" name="asset_request" time="0.014"/>
  <system-out/>
  <testcase classname="com.TestNG.TestNG_Dependency" name="item_receipt" time="0.002"/>
  <system-out/>
</testsuite> <!-- com.TestNG.TestNG_Dependency -->
