<?xml version="1.0" encoding="UTF-8"?>
<!-- Generated by org.testng.reporters.JUnitReportReporter -->
<testsuite hostname="DESKTOP-NIEJRCN" failures="0" tests="1" name="com.TestNG.TestNG_Parameterized_Conceptt" time="0.003" errors="0" timestamp="2022-12-13T22:38:22 IST" skipped="0">
  <testcase classname="com.TestNG.TestNG_Parameterized_Conceptt" name="assetrequest" time="0.003"/>
  <system-out/>
</testsuite> <!-- com.TestNG.TestNG_Parameterized_Conceptt -->
