<?xml version="1.0" encoding="UTF-8"?>
<!-- Generated by org.testng.reporters.JUnitReportReporter -->
<testsuite hostname="DESKTOP-NIEJRCN" failures="0" tests="5" name="com.TestNG.TestNG_Features" time="0.044" errors="0" timestamp="2022-12-09T01:06:48 IST" skipped="0">
  <testcase classname="com.TestNG.TestNG_Features" name="laptop" time="0.011"/>
  <system-out/>
  <testcase classname="com.TestNG.TestNG_Features" name="hdd" time="0.013"/>
  <system-out/>
  <testcase classname="com.TestNG.TestNG_Features" name="hdd" time="0.009"/>
  <system-out/>
  <testcase classname="com.TestNG.TestNG_Features" name="mouse" time="0.005"/>
  <system-out/>
  <testcase classname="com.TestNG.TestNG_Features" name="keyboard" time="0.006"/>
  <system-out/>
</testsuite> <!-- com.TestNG.TestNG_Features -->
