<?xml version="1.0" encoding="UTF-8"?>
<!-- Generated by org.testng.reporters.JUnitReportReporter -->
<testsuite hostname="DESKTOP-NIEJRCN" failures="0" tests="1" name="com.RestAssured.GetSingleUser" time="3.749" errors="0" timestamp="2022-11-28T23:10:23 IST" skipped="0">
  <testcase classname="com.RestAssured.GetSingleUser" name="getsingleuser" time="3.749"/>
  <system-out/>
</testsuite> <!-- com.RestAssured.GetSingleUser -->
