<?xml version="1.0" encoding="UTF-8"?>
<!-- Generated by org.testng.reporters.JUnitReportReporter -->
<testsuite hostname="DESKTOP-NIEJRCN" failures="0" tests="2" name="com.TestNG.TestNG_Parallel_Test" time="0.024" errors="0" timestamp="2022-12-13T23:03:57 IST" skipped="0">
  <testcase classname="com.TestNG.TestNG_Parallel_Test" name="asset_request" time="0.016"/>
  <system-out/>
  <testcase classname="com.TestNG.TestNG_Parallel_Test" name="item_receipt" time="0.008"/>
  <system-out/>
</testsuite> <!-- com.TestNG.TestNG_Parallel_Test -->
